<?xml version="1.0" encoding="UTF-8"?>
<testng-results ignored="0" total="1" passed="1" failed="0" skipped="0">
  <reporter-output>
  </reporter-output>
  <suite started-at="2022-03-19T12:51:18 GMT" name="ActiTime Automation" finished-at="2022-03-19T12:55:05 GMT" duration-ms="227067">
    <groups>
    </groups>
    <test started-at="2022-03-19T12:51:18 GMT" name="TestScripts" finished-at="2022-03-19T12:55:05 GMT" duration-ms="227067">
      <class name="com.sgtesting.actitime.driverscript.DriverScript">
        <test-method is-config="true" signature="loadFiles()[pri:0, instance:com.sgtesting.actitime.driverscript.DriverScript@428640fa]" started-at="2022-03-19T12:51:18 GMT" name="loadFiles" finished-at="2022-03-19T12:51:18 GMT" duration-ms="63" status="PASS">
          <reporter-output>
          </reporter-output>
        </test-method> <!-- loadFiles -->
        <test-method signature="executeTestScenarios()[pri:0, instance:com.sgtesting.actitime.driverscript.DriverScript@428640fa]" started-at="2022-03-19T12:51:18 GMT" name="executeTestScenarios" finished-at="2022-03-19T12:55:05 GMT" duration-ms="226918" status="PASS">
          <reporter-output>
          </reporter-output>
        </test-method> <!-- executeTestScenarios -->
      </class> <!-- com.sgtesting.actitime.driverscript.DriverScript -->
    </test> <!-- TestScripts -->
  </suite> <!-- ActiTime Automation -->
</testng-results>
