<?xml version="1.0" encoding="UTF-8"?>
<testng-results ignored="0" total="1" passed="1" failed="0" skipped="0">
  <reporter-output>
  </reporter-output>
  <suite started-at="2022-03-20T07:54:35 GMT" name="ActiTime Automation" finished-at="2022-03-20T07:57:22 GMT" duration-ms="166784">
    <groups>
    </groups>
    <test started-at="2022-03-20T07:54:35 GMT" name="TestScripts" finished-at="2022-03-20T07:57:22 GMT" duration-ms="166784">
      <class name="com.sgtesting.actitime.driverscript.DriverScript">
        <test-method is-config="true" signature="startAutomationSuite()[pri:0, instance:com.sgtesting.actitime.driverscript.DriverScript@1be2019a]" started-at="2022-03-20T07:54:35 GMT" name="startAutomationSuite" finished-at="2022-03-20T07:54:35 GMT" duration-ms="89" status="PASS">
          <reporter-output>
          </reporter-output>
        </test-method> <!-- startAutomationSuite -->
        <test-method is-config="true" signature="loadFiles()[pri:0, instance:com.sgtesting.actitime.driverscript.DriverScript@1be2019a]" started-at="2022-03-20T07:54:35 GMT" name="loadFiles" finished-at="2022-03-20T07:54:35 GMT" duration-ms="40" status="PASS">
          <reporter-output>
          </reporter-output>
        </test-method> <!-- loadFiles -->
        <test-method signature="executeTestScenarios()[pri:0, instance:com.sgtesting.actitime.driverscript.DriverScript@1be2019a]" started-at="2022-03-20T07:54:35 GMT" name="executeTestScenarios" finished-at="2022-03-20T07:57:22 GMT" duration-ms="166699" status="PASS">
          <reporter-output>
          </reporter-output>
        </test-method> <!-- executeTestScenarios -->
        <test-method is-config="true" signature="endAutomationSuite()[pri:0, instance:com.sgtesting.actitime.driverscript.DriverScript@1be2019a]" started-at="2022-03-20T07:57:22 GMT" name="endAutomationSuite" finished-at="2022-03-20T07:57:23 GMT" duration-ms="1421" status="PASS">
          <reporter-output>
          </reporter-output>
        </test-method> <!-- endAutomationSuite -->
      </class> <!-- com.sgtesting.actitime.driverscript.DriverScript -->
    </test> <!-- TestScripts -->
  </suite> <!-- ActiTime Automation -->
</testng-results>
